  CandidateDataHandler.cpp
  DataHandlerEmployers.cpp
E:\Project2\Project2\CandidateDataHandler.h(32,27): warning C4101: ex: неиспользованная локальная переменная
  DataHandlerVacancii1.cpp
  DataHandlerVakancii.cpp
  DataUpdater.cpp
  DeleteData.cpp
  EmployerAuthentication.cpp
  Functions.cpp
  kandidat.cpp
  login.cpp
  mainForm.cpp
E:\Project2\Project2\CandidateDataHandler.h(32,27): warning C4101: ex: неиспользованная локальная переменная
E:\Project2\Project2\mainForm.cpp(7,6): warning C4829: Возможно, неправильные параметры функции main. Рекомендуемый вариант - "int main(Platform::Array<Platform::String^>^ argv)"
  Showjobs.cpp
  ShowOtkliki.cpp
  vakancii.cpp
E:\Project2\Project2\CandidateDataHandler.h(32,27): warning C4101: ex: неиспользованная локальная переменная
  .NETFramework,Version=v4.7.2.AssemblyAttributes.cpp
  Создание кода...
  CandidateDataHandler.obj : обнаружен модуль MSIL; для MSIL последовательная компоновка отключена; выполняется полная компоновка
  Project2.vcxproj -> E:\Project2\x64\Debug\Project2.exe
